<?xml version="1.0" encoding="UTF-8"?>
<!-- Generated by org.testng.reporters.JUnitXMLReporter -->
<testsuite hostname="supriyas-MacBook-Air.local" ignored="0" name="LoginTest" tests="1" failures="0" timestamp="24 Apr 2018 19:16:13 GMT" time="0.055" errors="0">
  <testcase name="@BeforeSuite setup" time="0.025" classname="com.ispace.base.TestBase">
    <failure type="java.lang.NullPointerException">
      <![CDATA[java.lang.NullPointerException
at com.ispace.base.TestBase.setup(TestBase.java:70)
... Removed 20 stack frames]]>
    </failure>
  </testcase> <!-- @BeforeSuite setup -->
  <testcase name="loginAsBankManager" time="0.0" classname="com.ispace.testcases.LoginTest">
    <skipped/>
  </testcase> <!-- loginAsBankManager -->
</testsuite> <!-- LoginTest -->
